<?xml version="1.0" encoding="UTF-8"?>
<testng-results skipped="0" failed="0" total="1" passed="1">
  <reporter-output>
  </reporter-output>
  <suite name="Default suite" duration-ms="24779" started-at="2018-02-28T20:15:24Z" finished-at="2018-02-28T20:15:48Z">
    <groups>
    </groups>
    <test name="Default test" duration-ms="24779" started-at="2018-02-28T20:15:24Z" finished-at="2018-02-28T20:15:48Z">
      <class name="com.nestready.nestreadypages.TestLogin">
        <test-method status="PASS" signature="initialization()[pri:0, instance:com.nestready.nestreadypages.TestLogin@6e1567f1]" name="initialization" is-config="true" duration-ms="12641" started-at="2018-02-28T15:15:24Z" finished-at="2018-02-28T15:15:36Z">
          <reporter-output>
          </reporter-output>
        </test-method> <!-- initialization -->
        <test-method status="PASS" signature="buyer1()[pri:0, instance:com.nestready.nestreadypages.TestLogin@6e1567f1]" name="buyer1" duration-ms="9802" started-at="2018-02-28T15:15:36Z" finished-at="2018-02-28T15:15:46Z">
          <reporter-output>
          </reporter-output>
        </test-method> <!-- buyer1 -->
        <test-method status="PASS" signature="close()[pri:0, instance:com.nestready.nestreadypages.TestLogin@6e1567f1]" name="close" is-config="true" duration-ms="2311" started-at="2018-02-28T15:15:46Z" finished-at="2018-02-28T15:15:48Z">
          <reporter-output>
          </reporter-output>
        </test-method> <!-- close -->
      </class> <!-- com.nestready.nestreadypages.TestLogin -->
    </test> <!-- Default test -->
  </suite> <!-- Default suite -->
</testng-results>
